<?xml version="1.0" encoding="UTF-8"?>
<testng-results ignored="0" total="2" passed="2" failed="0" skipped="0">
  <reporter-output>
  </reporter-output>
  <suite started-at="2022-10-10T23:40:28 IST" name="Suite" finished-at="2022-10-10T23:41:38 IST" duration-ms="69251">
    <groups>
    </groups>
    <test started-at="2022-10-10T23:40:28 IST" name="FlipkartTest" finished-at="2022-10-10T23:41:38 IST" duration-ms="69251">
      <class name="com.simplilearn.demo.TestUsingFirefox">
        <test-method signature="Product()[pri:0, instance:com.simplilearn.demo.TestUsingFirefox@61fe30]" started-at="2022-10-10T23:40:28 IST" name="Product" finished-at="2022-10-10T23:41:26 IST" duration-ms="57478" status="PASS">
          <reporter-output>
          </reporter-output>
        </test-method> <!-- Product -->
      </class> <!-- com.simplilearn.demo.TestUsingFirefox -->
      <class name="com.simplilearn.demo.SearchProduct">
        <test-method signature="Products()[pri:0, instance:com.simplilearn.demo.SearchProduct@66c92293]" started-at="2022-10-10T23:41:26 IST" name="Products" finished-at="2022-10-10T23:41:38 IST" duration-ms="11696" status="PASS">
          <reporter-output>
          </reporter-output>
        </test-method> <!-- Products -->
      </class> <!-- com.simplilearn.demo.SearchProduct -->
    </test> <!-- FlipkartTest -->
  </suite> <!-- Suite -->
</testng-results>
